# JRE version: OpenJDK Runtime Environment JBR-11.0.10.9-1341.41-dcevm (11.0.10+9) (build 11.0.10+9-b1341.41)
# Java VM: Dynamic Code Evolution 64-Bit Server VM JBR-11.0.10.9-1341.41-dcevm (11.0.10+9-b1341.41, mixed mode, tiered, compressed oops, g1 gc, windows-amd64)
Heap:
 garbage-first heap   total 273408K, used 214202K [0x00000000e0000000, 0x0000000100000000)
  region size 1024K, 63 young (64512K), 1 survivors (1024K)
 Metaspace       used 95010K, capacity 98483K, committed 99032K, reserved 339968K
  class space    used 11746K, capacity 12909K, committed 13056K, reserved 253952K
GC Heap History (20 events):
Event: 12709.490 GC heap before
{Heap before GC invocations=189 (full 0):
 garbage-first heap   total 273408K, used 158152K [0x00000000e0000000, 0x0000000100000000)
  region size 1024K, 65 young (66560K), 11 survivors (11264K)
 Metaspace       used 85630K, capacity 88692K, committed 90712K, reserved 333824K
  class space    used 10511K, capacity 11532K, committed 11904K, reserved 253952K
}
Event: 12709.498 GC heap after
{Heap after GC invocations=190 (full 0):
 garbage-first heap   total 273408K, used 91224K [0x00000000e0000000, 0x0000000100000000)
  region size 1024K, 3 young (3072K), 3 survivors (3072K)
 Metaspace       used 85630K, capacity 88692K, committed 90712K, reserved 333824K
  class space    used 10511K, capacity 11532K, committed 11904K, reserved 253952K
}
Event: 12712.376 GC heap before
{Heap before GC invocations=191 (full 0):
 garbage-first heap   total 273408K, used 244824K [0x00000000e0000000, 0x0000000100000000)
  region size 1024K, 137 young (140288K), 3 survivors (3072K)
 Metaspace       used 88611K, capacity 92022K, committed 92120K, reserved 335872K
  class space    used 10910K, capacity 12001K, committed 12032K, reserved 253952K
}
Event: 12712.513 GC heap after
{Heap after GC invocations=192 (full 0):
 garbage-first heap   total 273408K, used 117322K [0x00000000e0000000, 0x0000000100000000)
  region size 1024K, 12 young (12288K), 12 survivors (12288K)
 Metaspace       used 88611K, capacity 92022K, committed 92120K, reserved 335872K
  class space    used 10910K, capacity 12001K, committed 12032K, reserved 253952K
}
Event: 12712.548 GC heap before
{Heap before GC invocations=192 (full 0):
 garbage-first heap   total 273408K, used 117322K [0x00000000e0000000, 0x0000000100000000)
  region size 1024K, 13 young (13312K), 12 survivors (12288K)
 Metaspace       used 88611K, capacity 92022K, committed 92120K, reserved 335872K
  class space    used 10910K, capacity 12001K, committed 12032K, reserved 253952K
}
Event: 12712.583 GC heap after
{Heap after GC invocations=193 (full 0):
 garbage-first heap   total 273408K, used 114256K [0x00000000e0000000, 0x0000000100000000)
  region size 1024K, 1 young (1024K), 1 survivors (1024K)
 Metaspace       used 88611K, capacity 92022K, committed 92120K, reserved 335872K
  class space    used 10910K, capacity 12001K, committed 12032K, reserved 253952K
}
Event: 12715.509 GC heap before
{Heap before GC invocations=193 (full 0):
 garbage-first heap   total 273408K, used 232016K [0x00000000e0000000, 0x0000000100000000)
  region size 1024K, 116 young (118784K), 1 survivors (1024K)
 Metaspace       used 88819K, capacity 92215K, committed 92376K, reserved 335872K
  class space    used 10932K, capacity 12001K, committed 12032K, reserved 253952K
}
Event: 12715.547 GC heap after
{Heap after GC invocations=194 (full 0):
 garbage-first heap   total 273408K, used 129771K [0x00000000e0000000, 0x0000000100000000)
  region size 1024K, 15 young (15360K), 15 survivors (15360K)
 Metaspace       used 88819K, capacity 92215K, committed 92376K, reserved 335872K
  class space    used 10932K, capacity 12001K, committed 12032K, reserved 253952K
}
Event: 12717.517 GC heap before
{Heap before GC invocations=195 (full 0):
 garbage-first heap   total 273408K, used 223979K [0x00000000e0000000, 0x0000000100000000)
  region size 1024K, 107 young (109568K), 15 survivors (15360K)
 Metaspace       used 88902K, capacity 92232K, committed 92504K, reserved 335872K
  class space    used 10941K, capacity 12008K, committed 12160K, reserved 253952K
}
Event: 12717.532 GC heap after
{Heap after GC invocations=196 (full 0):
 garbage-first heap   total 273408K, used 134143K [0x00000000e0000000, 0x0000000100000000)
  region size 1024K, 5 young (5120K), 5 survivors (5120K)
 Metaspace       used 88902K, capacity 92232K, committed 92504K, reserved 335872K
  class space    used 10941K, capacity 12008K, committed 12160K, reserved 253952K
}
Event: 12718.723 GC heap before
{Heap before GC invocations=196 (full 0):
 garbage-first heap   total 273408K, used 226303K [0x00000000e0000000, 0x0000000100000000)
  region size 1024K, 95 young (97280K), 5 survivors (5120K)
 Metaspace       used 90653K, capacity 94050K, committed 94296K, reserved 335872K
  class space    used 11205K, capacity 12332K, committed 12416K, reserved 253952K
}
Event: 12718.737 GC heap after
{Heap after GC invocations=197 (full 0):
 garbage-first heap   total 273408K, used 136191K [0x00000000e0000000, 0x0000000100000000)
  region size 1024K, 7 young (7168K), 7 survivors (7168K)
 Metaspace       used 90653K, capacity 94050K, committed 94296K, reserved 335872K
  class space    used 11205K, capacity 12332K, committed 12416K, reserved 253952K
}
Event: 12721.018 GC heap before
{Heap before GC invocations=198 (full 0):
 garbage-first heap   total 273408K, used 228351K [0x00000000e0000000, 0x0000000100000000)
  region size 1024K, 97 young (99328K), 7 survivors (7168K)
 Metaspace       used 94567K, capacity 98040K, committed 98136K, reserved 339968K
  class space    used 11715K, capacity 12862K, committed 12928K, reserved 253952K
}
Event: 12721.079 GC heap after
{Heap after GC invocations=199 (full 0):
 garbage-first heap   total 273408K, used 141960K [0x00000000e0000000, 0x0000000100000000)
  region size 1024K, 13 young (13312K), 13 survivors (13312K)
 Metaspace       used 94567K, capacity 98040K, committed 98136K, reserved 339968K
  class space    used 11715K, capacity 12862K, committed 12928K, reserved 253952K
}
Event: 12857.756 GC heap before
{Heap before GC invocations=199 (full 0):
 garbage-first heap   total 273408K, used 226952K [0x00000000e0000000, 0x0000000100000000)
  region size 1024K, 97 young (99328K), 13 survivors (13312K)
 Metaspace       used 95002K, capacity 98484K, committed 98776K, reserved 339968K
  class space    used 11770K, capacity 12929K, committed 13056K, reserved 253952K
}
Event: 12857.839 GC heap after
{Heap after GC invocations=200 (full 0):
 garbage-first heap   total 273408K, used 149004K [0x00000000e0000000, 0x0000000100000000)
  region size 1024K, 13 young (13312K), 13 survivors (13312K)
 Metaspace       used 95002K, capacity 98484K, committed 98776K, reserved 339968K
  class space    used 11770K, capacity 12929K, committed 13056K, reserved 253952K
}
Event: 12858.607 GC heap before
{Heap before GC invocations=201 (full 0):
 garbage-first heap   total 273408K, used 228876K [0x00000000e0000000, 0x0000000100000000)
  region size 1024K, 91 young (93184K), 13 survivors (13312K)
 Metaspace       used 94770K, capacity 98110K, committed 98776K, reserved 339968K
  class space    used 11725K, capacity 12854K, committed 13056K, reserved 253952K
}
Event: 12858.663 GC heap after
{Heap after GC invocations=202 (full 0):
 garbage-first heap   total 273408K, used 152728K [0x00000000e0000000, 0x0000000100000000)
  region size 1024K, 4 young (4096K), 4 survivors (4096K)
 Metaspace       used 94770K, capacity 98110K, committed 98776K, reserved 339968K
  class space    used 11725K, capacity 12854K, committed 13056K, reserved 253952K
}
Event: 12858.826 GC heap before
{Heap before GC invocations=202 (full 0):
 garbage-first heap   total 273408K, used 161944K [0x00000000e0000000, 0x0000000100000000)
  region size 1024K, 13 young (13312K), 4 survivors (4096K)
 Metaspace       used 94790K, capacity 98135K, committed 98776K, reserved 339968K
  class space    used 11727K, capacity 12858K, committed 13056K, reserved 253952K
}
Event: 12858.866 GC heap after
{Heap after GC invocations=203 (full 0):
 garbage-first heap   total 273408K, used 152762K [0x00000000e0000000, 0x0000000100000000)
  region size 1024K, 1 young (1024K), 1 survivors (1024K)
 Metaspace       used 94790K, capacity 98135K, committed 98776K, reserved 339968K
  class space    used 11727K, capacity 12858K, committed 13056K, reserved 253952K
}

